/var/lib/slurm/slurmd/job41588/slurm_script: line 2: SBATCH: command not found
/var/lib/slurm/slurmd/job41588/slurm_script: line 5: SBATCH: command not found
/mnt/bulk-neptune/laura/multiplex/STAMP/multiplex-notebooks_qtif/.venv/lib/python3.13/site-packages/torch/utils/data/dataloader.py:424: UserWarning: This DataLoader will create 8 worker processes in total. Our suggested max number of worker in current system is 2, which is smaller than what this DataLoader is going to create. Please be aware that excessive worker creation might get DataLoader running slow or even freeze, lower the worker number to avoid potential slowness/freeze if necessary.
  self.check_worker_number_rationality()
Found 50 slide files → 50 to process
[92mLoaded model weights from ./model_assets/models--MahmoodLab--kronos/snapshots/8edc2719ad67b2e2b766073b35c6cf8e6f5da516/kronos_vits16_model.pt[0m
Embedding dim: 384 | Device: cpu | GPUs available: [CPU]
Progress:   0%|          | 0/50 files [00:00<?, ?file/s]/mnt/bulk-neptune/laura/multiplex/STAMP/multiplex-notebooks_qtif/.venv/lib/python3.13/site-packages/torch/utils/data/dataloader.py:432: UserWarning: This DataLoader will create 8 worker processes in total. Our suggested max number of worker in current system is 2, which is smaller than what this DataLoader is going to create. Please be aware that excessive worker creation might get DataLoader running slow or even freeze, lower the worker number to avoid potential slowness/freeze if necessary.
  self.check_worker_number_rationality()
Progress:   0%|          | 0/50 files [00:11<?, ?file/s]
Traceback (most recent call last):
  File "/mnt/bulk-neptune/laura/multiplex/STAMP/multiplex-notebooks_qtif/.venv/lib/python3.13/site-packages/torch/utils/data/dataloader.py", line 1310, in _try_get_data
    data = self._data_queue.get(timeout=timeout)
  File "/usr/lib/python3.13/multiprocessing/queues.py", line 111, in get
    if not self._poll(timeout):
           ~~~~~~~~~~^^^^^^^^^
  File "/usr/lib/python3.13/multiprocessing/connection.py", line 257, in poll
    return self._poll(timeout)
           ~~~~~~~~~~^^^^^^^^^
  File "/usr/lib/python3.13/multiprocessing/connection.py", line 440, in _poll
    r = wait([self], timeout)
  File "/usr/lib/python3.13/multiprocessing/connection.py", line 1148, in wait
    ready = selector.select(timeout)
  File "/usr/lib/python3.13/selectors.py", line 398, in select
    fd_event_list = self._selector.poll(timeout)
  File "/mnt/bulk-neptune/laura/multiplex/STAMP/multiplex-notebooks_qtif/.venv/lib/python3.13/site-packages/torch/utils/data/_utils/signal_handling.py", line 73, in handler
    _error_if_any_worker_fails()
    ~~~~~~~~~~~~~~~~~~~~~~~~~~^^
RuntimeError: DataLoader worker (pid 1374172) is killed by signal: Killed. 

The above exception was the direct cause of the following exception:

Traceback (most recent call last):
  File "/mnt/bulk-neptune/laura/multiplex/STAMP/multiplex-notebooks_qtif/extract_features_multi_channels.py", line 374, in <module>
    run(config, slide_start=args.slide_start, slide_end=args.slide_end)
    ~~~^^^^^^^^^^^^^^^^^^^^^^^^^^^^^^^^^^^^^^^^^^^^^^^^^^^^^^^^^^^^^^^^
  File "/mnt/bulk-neptune/laura/multiplex/STAMP/multiplex-notebooks_qtif/extract_features_multi_channels.py", line 255, in run
    for batch, coord_x, coord_y, fname in dataloader:
                                          ^^^^^^^^^^
  File "/mnt/bulk-neptune/laura/multiplex/STAMP/multiplex-notebooks_qtif/.venv/lib/python3.13/site-packages/torch/utils/data/dataloader.py", line 741, in __next__
    data = self._next_data()
  File "/mnt/bulk-neptune/laura/multiplex/STAMP/multiplex-notebooks_qtif/.venv/lib/python3.13/site-packages/torch/utils/data/dataloader.py", line 1524, in _next_data
    idx, data = self._get_data()
                ~~~~~~~~~~~~~~^^
  File "/mnt/bulk-neptune/laura/multiplex/STAMP/multiplex-notebooks_qtif/.venv/lib/python3.13/site-packages/torch/utils/data/dataloader.py", line 1483, in _get_data
    success, data = self._try_get_data()
                    ~~~~~~~~~~~~~~~~~~^^
  File "/mnt/bulk-neptune/laura/multiplex/STAMP/multiplex-notebooks_qtif/.venv/lib/python3.13/site-packages/torch/utils/data/dataloader.py", line 1323, in _try_get_data
    raise RuntimeError(
        f"DataLoader worker (pid(s) {pids_str}) exited unexpectedly"
    ) from e
RuntimeError: DataLoader worker (pid(s) 1374172) exited unexpectedly
[2026-05-11T15:27:17.496] error: Detected 2 oom_kill events in StepId=41588.batch. Some of the step tasks have been OOM Killed.
